c:\users\administrador\source\repos\proyectosopengl\hellowindow\hellowindow\x64\debug\vc143.pdb
c:\users\administrador\source\repos\proyectosopengl\hellowindow\hellowindow\x64\debug\vc143.idb
c:\users\administrador\source\repos\proyectosopengl\hellowindow\hellowindow\x64\debug\window.obj
c:\users\administrador\source\repos\proyectosopengl\hellowindow\x64\debug\hellowindow.pdb
c:\users\administrador\source\repos\proyectosopengl\hellowindow\hellowindow\x64\debug\hellowindow.tlog\cl.command.1.tlog
c:\users\administrador\source\repos\proyectosopengl\hellowindow\hellowindow\x64\debug\hellowindow.tlog\cl.read.1.tlog
c:\users\administrador\source\repos\proyectosopengl\hellowindow\hellowindow\x64\debug\hellowindow.tlog\cl.write.1.tlog
c:\users\administrador\source\repos\proyectosopengl\hellowindow\hellowindow\x64\debug\hellowindow.tlog\link-cvtres.read.1.tlog
c:\users\administrador\source\repos\proyectosopengl\hellowindow\hellowindow\x64\debug\hellowindow.tlog\link-cvtres.write.1.tlog
c:\users\administrador\source\repos\proyectosopengl\hellowindow\hellowindow\x64\debug\hellowindow.tlog\link-rc.read.1.tlog
c:\users\administrador\source\repos\proyectosopengl\hellowindow\hellowindow\x64\debug\hellowindow.tlog\link-rc.write.1.tlog
c:\users\administrador\source\repos\proyectosopengl\hellowindow\hellowindow\x64\debug\hellowindow.tlog\link.8096-cvtres.read.1.tlog
c:\users\administrador\source\repos\proyectosopengl\hellowindow\hellowindow\x64\debug\hellowindow.tlog\link.8096-cvtres.write.1.tlog
c:\users\administrador\source\repos\proyectosopengl\hellowindow\hellowindow\x64\debug\hellowindow.tlog\link.8096-rc.read.1.tlog
c:\users\administrador\source\repos\proyectosopengl\hellowindow\hellowindow\x64\debug\hellowindow.tlog\link.8096-rc.write.1.tlog
c:\users\administrador\source\repos\proyectosopengl\hellowindow\hellowindow\x64\debug\hellowindow.tlog\link.8096.read.1.tlog
c:\users\administrador\source\repos\proyectosopengl\hellowindow\hellowindow\x64\debug\hellowindow.tlog\link.8096.read.2.tlog
c:\users\administrador\source\repos\proyectosopengl\hellowindow\hellowindow\x64\debug\hellowindow.tlog\link.8096.write.1.tlog
c:\users\administrador\source\repos\proyectosopengl\hellowindow\hellowindow\x64\debug\hellowindow.tlog\link.command.1.tlog
c:\users\administrador\source\repos\proyectosopengl\hellowindow\hellowindow\x64\debug\hellowindow.tlog\link.read.1.tlog
c:\users\administrador\source\repos\proyectosopengl\hellowindow\hellowindow\x64\debug\hellowindow.tlog\link.read.2.tlog
c:\users\administrador\source\repos\proyectosopengl\hellowindow\hellowindow\x64\debug\hellowindow.tlog\link.write.1.tlog
